<?xml version="1.0" encoding="UTF-8"?>
<!-- Generated by org.testng.reporters.JUnitReportReporter -->
<testsuite skipped="0" hostname="ssouris" name="com.example.ExampleTest" tests="1" failures="0" timestamp="21 Jun 2017 19:06:17 GMT" time="0.010" errors="0">
  <testcase name="f" time="0.010" classname="com.example.ExampleTest"/>
</testsuite> <!-- com.example.ExampleTest -->
